have_library: checking for deflateReset() in -lz... -------------------- yes

"gcc -o conftest -I../../.ext/include/i686-darwin9.3.0 -I../.././include -I../.././ext/zlib  -D_XOPEN_SOURCE -D_DARWIN_C_SOURCE    -O2 -g -Wall -Wno-parentheses -pipe -fno-common conftest.c  -L. -L../.. -L.      -lruby-static -lz  -lpthread -ldl -lobjc  "
conftest.c: In function 't':
conftest.c:3: error: 'deflateReset' undeclared (first use in this function)
conftest.c:3: error: (Each undeclared identifier is reported only once
conftest.c:3: error: for each function it appears in.)
checked program was:
/* begin */
1: /*top*/
2: int main() { return 0; }
3: int t() { void ((*volatile p)()); p = (void ((*)()))deflateReset; return 0; }
/* end */

"gcc -o conftest -I../../.ext/include/i686-darwin9.3.0 -I../.././include -I../.././ext/zlib  -D_XOPEN_SOURCE -D_DARWIN_C_SOURCE    -O2 -g -Wall -Wno-parentheses -pipe -fno-common conftest.c  -L. -L../.. -L.      -lruby-static -lz  -lpthread -ldl -lobjc  "
conftest.c: In function 't':
conftest.c:3: warning: implicit declaration of function 'deflateReset'
checked program was:
/* begin */
1: /*top*/
2: int main() { return 0; }
3: int t() { deflateReset(); return 0; }
/* end */

--------------------

have_header: checking for zlib.h... -------------------- yes

"gcc -E -I../../.ext/include/i686-darwin9.3.0 -I../.././include -I../.././ext/zlib  -D_XOPEN_SOURCE -D_DARWIN_C_SOURCE    -O2 -g -Wall -Wno-parentheses -pipe -fno-common  conftest.c -o conftest.i"
checked program was:
/* begin */
1: #include <zlib.h>
/* end */

--------------------

