have_library: checking for main() in -lcrypto... -------------------- yes

"gcc -o conftest -I../../../.ext/include/i686-darwin9.3.0 -I../../.././include -I../../.././ext/digest/md5 -I../../.././ext/digest/md5/..  -D_XOPEN_SOURCE -D_DARWIN_C_SOURCE    -O2 -g -Wall -Wno-parentheses -pipe -fno-common conftest.c  -L. -L../../.. -L.      -lruby-static -lcrypto  -lpthread -ldl -lobjc  "
checked program was:
/* begin */
1: /*top*/
2: int main() { return 0; }
3: int t() { void ((*volatile p)()); p = (void ((*)()))main; return 0; }
/* end */

--------------------

have_header: checking for openssl/md5.h... -------------------- yes

"gcc -E -I../../../.ext/include/i686-darwin9.3.0 -I../../.././include -I../../.././ext/digest/md5 -I../../.././ext/digest/md5/..  -D_XOPEN_SOURCE -D_DARWIN_C_SOURCE    -O2 -g -Wall -Wno-parentheses -pipe -fno-common  conftest.c -o conftest.i"
checked program was:
/* begin */
1: #include <openssl/md5.h>
/* end */

--------------------

have_header: checking for sys/cdefs.h... -------------------- yes

"gcc -E -I../../../.ext/include/i686-darwin9.3.0 -I../../.././include -I../../.././ext/digest/md5 -I../../.././ext/digest/md5/..  -D_XOPEN_SOURCE -D_DARWIN_C_SOURCE    -O2 -g -Wall -Wno-parentheses -pipe -fno-common  conftest.c -o conftest.i"
checked program was:
/* begin */
1: #include <sys/cdefs.h>
/* end */

--------------------

have_header: checking for inttypes.h... -------------------- yes

"gcc -E -I../../../.ext/include/i686-darwin9.3.0 -I../../.././include -I../../.././ext/digest/md5 -I../../.././ext/digest/md5/..  -D_XOPEN_SOURCE -D_DARWIN_C_SOURCE    -O2 -g -Wall -Wno-parentheses -pipe -fno-common  conftest.c -o conftest.i"
checked program was:
/* begin */
1: #include <inttypes.h>
/* end */

--------------------

have_header: checking for unistd.h... -------------------- yes

"gcc -E -I../../../.ext/include/i686-darwin9.3.0 -I../../.././include -I../../.././ext/digest/md5 -I../../.././ext/digest/md5/..  -D_XOPEN_SOURCE -D_DARWIN_C_SOURCE    -O2 -g -Wall -Wno-parentheses -pipe -fno-common  conftest.c -o conftest.i"
checked program was:
/* begin */
1: #include <unistd.h>
/* end */

--------------------

