"gcc -I../../.ext/include/i686-darwin9.3.0 -I../.././include -I../.././ext/bigdecimal  -D_XOPEN_SOURCE -D_DARWIN_C_SOURCE    -O2 -g -Wall -Wno-parentheses -pipe -fno-common  -DBASE=10UL -c conftest.c"
checked program was:
/* begin */
1: /*top*/
2: int conftest_const[((BASE * (BASE+1)) / BASE == (BASE+1)) ? 1 : -1];
/* end */

"gcc -I../../.ext/include/i686-darwin9.3.0 -I../.././include -I../.././ext/bigdecimal  -D_XOPEN_SOURCE -D_DARWIN_C_SOURCE    -O2 -g -Wall -Wno-parentheses -pipe -fno-common  -DBASE=100UL -c conftest.c"
checked program was:
/* begin */
1: /*top*/
2: int conftest_const[((BASE * (BASE+1)) / BASE == (BASE+1)) ? 1 : -1];
/* end */

"gcc -I../../.ext/include/i686-darwin9.3.0 -I../.././include -I../.././ext/bigdecimal  -D_XOPEN_SOURCE -D_DARWIN_C_SOURCE    -O2 -g -Wall -Wno-parentheses -pipe -fno-common  -DBASE=1000UL -c conftest.c"
checked program was:
/* begin */
1: /*top*/
2: int conftest_const[((BASE * (BASE+1)) / BASE == (BASE+1)) ? 1 : -1];
/* end */

"gcc -I../../.ext/include/i686-darwin9.3.0 -I../.././include -I../.././ext/bigdecimal  -D_XOPEN_SOURCE -D_DARWIN_C_SOURCE    -O2 -g -Wall -Wno-parentheses -pipe -fno-common  -DBASE=10000UL -c conftest.c"
checked program was:
/* begin */
1: /*top*/
2: int conftest_const[((BASE * (BASE+1)) / BASE == (BASE+1)) ? 1 : -1];
/* end */

"gcc -I../../.ext/include/i686-darwin9.3.0 -I../.././include -I../.././ext/bigdecimal  -D_XOPEN_SOURCE -D_DARWIN_C_SOURCE    -O2 -g -Wall -Wno-parentheses -pipe -fno-common  -DBASE=100000UL -c conftest.c"
conftest.c:2: error: size of array 'conftest_const' is negative
checked program was:
/* begin */
1: /*top*/
2: int conftest_const[((BASE * (BASE+1)) / BASE == (BASE+1)) ? 1 : -1];
/* end */

